{"contracts/DummyContract.sol":{"l":{"8":2,"12":100,"16":100},"path":"/Users/admin/Projects/bh2smith/solidity-multi-transaction/contracts/DummyContract.sol","s":{"1":2,"2":100},"b":{},"f":{"1":2,"2":100,"3":100},"fnMap":{"1":{"name":"alwaysRevert","line":7,"loc":{"start":{"line":7,"column":4},"end":{"line":7,"column":40}}},"2":{"name":"incrementValue","line":11,"loc":{"start":{"line":11,"column":4},"end":{"line":11,"column":34}}},"3":{"name":"incrementBy","line":15,"loc":{"start":{"line":15,"column":4},"end":{"line":15,"column":45}}}},"statementMap":{"1":{"start":{"line":8,"column":8},"end":{"line":8,"column":33}},"2":{"start":{"line":16,"column":8},"end":{"line":16,"column":32}}},"branchMap":{}},"contracts/MultiCaller.sol":{"l":{"11":5,"21":6,"22":204,"23":204},"path":"/Users/admin/Projects/bh2smith/solidity-multi-transaction/contracts/MultiCaller.sol","s":{"1":5,"2":6,"3":204,"4":204},"b":{"1":[200,4]},"f":{"1":5,"2":6},"fnMap":{"1":{"name":"executeWithFunctionName","line":6,"loc":{"start":{"line":6,"column":4},"end":{"line":10,"column":29}}},"2":{"name":"executeWithCalldata","line":16,"loc":{"start":{"line":16,"column":4},"end":{"line":20,"column":29}}}},"statementMap":{"1":{"start":{"line":11,"column":8},"end":{"line":11,"column":226}},"2":{"start":{"line":21,"column":8},"end":{"line":21,"column":501}},"3":{"start":{"line":22,"column":12},"end":{"line":22,"column":61}},"4":{"start":{"line":23,"column":12},"end":{"line":23,"column":70}}},"branchMap":{"1":{"line":23,"type":"if","locations":[{"start":{"line":23,"column":12},"end":{"line":23,"column":12}},{"start":{"line":23,"column":12},"end":{"line":23,"column":12}}]}}}}